\\mac\home\desktop\cppcoursework2020-v101_cw4\debug\courseworkbase2020.exe
\\mac\home\desktop\cppcoursework2020-v101_cw4\debug\courseworkbase2020.ilk
\\mac\home\desktop\cppcoursework2020-v101_cw4\src\map
\\mac\home\desktop\cppcoursework2020-v101_cw4\debug\courseworkbase2020.pdb
\\mac\home\desktop\cppcoursework2020-v101_cw4\debug\courseworkbase2020.res
\\mac\home\desktop\cppcoursework2020-v101_cw4\debug\courseworkbase2020.bsc
\\mac\home\desktop\cppcoursework2020-v101_cw4\debug\vc142.pdb
\\mac\home\desktop\cppcoursework2020-v101_cw4\debug\archivestate.sbr
\\mac\home\desktop\cppcoursework2020-v101_cw4\debug\assetmanager.sbr
\\mac\home\desktop\cppcoursework2020-v101_cw4\debug\audiomanager.sbr
\\mac\home\desktop\cppcoursework2020-v101_cw4\debug\bagcontroller.sbr
\\mac\home\desktop\cppcoursework2020-v101_cw4\debug\bagtilemanager.sbr
\\mac\home\desktop\cppcoursework2020-v101_cw4\debug\draggingdemo.sbr
\\mac\home\desktop\cppcoursework2020-v101_cw4\debug\drawingsurface.sbr
\\mac\home\desktop\cppcoursework2020-v101_cw4\debug\enemyobject.sbr
\\mac\home\desktop\cppcoursework2020-v101_cw4\debug\enemytypefive.sbr
\\mac\home\desktop\cppcoursework2020-v101_cw4\debug\enemytypefour.sbr
\\mac\home\desktop\cppcoursework2020-v101_cw4\debug\enemytypeone.sbr
\\mac\home\desktop\cppcoursework2020-v101_cw4\debug\enemytypeonemovingcontroller.sbr
\\mac\home\desktop\cppcoursework2020-v101_cw4\debug\enemytypesix.sbr
\\mac\home\desktop\cppcoursework2020-v101_cw4\debug\enemytypethree.sbr
\\mac\home\desktop\cppcoursework2020-v101_cw4\debug\enemytypetwo.sbr
\\mac\home\desktop\cppcoursework2020-v101_cw4\debug\enemymovingcontroller.sbr
\\mac\home\desktop\cppcoursework2020-v101_cw4\debug\enternamestate.sbr
\\mac\home\desktop\cppcoursework2020-v101_cw4\debug\fire.sbr
\\mac\home\desktop\cppcoursework2020-v101_cw4\debug\firemovingcontroller.sbr
\\mac\home\desktop\cppcoursework2020-v101_cw4\debug\flashingdemo.sbr
\\mac\home\desktop\cppcoursework2020-v101_cw4\debug\flashingdemo.obj
\\mac\home\desktop\cppcoursework2020-v101_cw4\debug\firemovingcontroller.obj
\\mac\home\desktop\cppcoursework2020-v101_cw4\debug\fire.obj
\\mac\home\desktop\cppcoursework2020-v101_cw4\debug\enternamestate.obj
\\mac\home\desktop\cppcoursework2020-v101_cw4\debug\enemymovingcontroller.obj
\\mac\home\desktop\cppcoursework2020-v101_cw4\debug\enemytypetwo.obj
\\mac\home\desktop\cppcoursework2020-v101_cw4\debug\enemytypethree.obj
\\mac\home\desktop\cppcoursework2020-v101_cw4\debug\enemytypesix.obj
\\mac\home\desktop\cppcoursework2020-v101_cw4\debug\enemytypeonemovingcontroller.obj
\\mac\home\desktop\cppcoursework2020-v101_cw4\debug\enemytypeone.obj
\\mac\home\desktop\cppcoursework2020-v101_cw4\debug\enemytypefour.obj
\\mac\home\desktop\cppcoursework2020-v101_cw4\debug\enemytypefive.obj
\\mac\home\desktop\cppcoursework2020-v101_cw4\debug\enemyobject.obj
\\mac\home\desktop\cppcoursework2020-v101_cw4\debug\drawingsurface.obj
\\mac\home\desktop\cppcoursework2020-v101_cw4\debug\draggingdemo.obj
\\mac\home\desktop\cppcoursework2020-v101_cw4\debug\bagtilemanager.obj
\\mac\home\desktop\cppcoursework2020-v101_cw4\debug\bagcontroller.obj
\\mac\home\desktop\cppcoursework2020-v101_cw4\debug\audiomanager.obj
\\mac\home\desktop\cppcoursework2020-v101_cw4\debug\assetmanager.obj
\\mac\home\desktop\cppcoursework2020-v101_cw4\debug\archivestate.obj
\\mac\home\desktop\cppcoursework2020-v101_cw4\debug\gameengine.sbr
\\mac\home\desktop\cppcoursework2020-v101_cw4\debug\gameobject.sbr
\\mac\home\desktop\cppcoursework2020-v101_cw4\debug\gamestate.sbr
\\mac\home\desktop\cppcoursework2020-v101_cw4\debug\gametilemanager.sbr
\\mac\home\desktop\cppcoursework2020-v101_cw4\debug\imageobjectdemo.sbr
\\mac\home\desktop\cppcoursework2020-v101_cw4\debug\initialstate.sbr
\\mac\home\desktop\cppcoursework2020-v101_cw4\debug\introstate.sbr
\\mac\home\desktop\cppcoursework2020-v101_cw4\debug\jigsawdemo.sbr
\\mac\home\desktop\cppcoursework2020-v101_cw4\debug\key.sbr
\\mac\home\desktop\cppcoursework2020-v101_cw4\debug\levelcontroller.sbr
\\mac\home\desktop\cppcoursework2020-v101_cw4\debug\levelonestate.sbr
\\mac\home\desktop\cppcoursework2020-v101_cw4\debug\mainfunction.sbr
\\mac\home\desktop\cppcoursework2020-v101_cw4\debug\baseengine.sbr
\\mac\home\desktop\cppcoursework2020-v101_cw4\debug\displayableobject.sbr
\\mac\home\desktop\cppcoursework2020-v101_cw4\debug\fontmanager.sbr
\\mac\home\desktop\cppcoursework2020-v101_cw4\debug\imagemappingdemo.sbr
\\mac\home\desktop\cppcoursework2020-v101_cw4\debug\movingcontroller.sbr
\\mac\home\desktop\cppcoursework2020-v101_cw4\debug\movingobject.sbr
\\mac\home\desktop\cppcoursework2020-v101_cw4\debug\pausestate.sbr
\\mac\home\desktop\cppcoursework2020-v101_cw4\debug\playermovingcontroller.sbr
\\mac\home\desktop\cppcoursework2020-v101_cw4\debug\playermovingcontroller.obj
\\mac\home\desktop\cppcoursework2020-v101_cw4\debug\pausestate.obj
\\mac\home\desktop\cppcoursework2020-v101_cw4\debug\movingobject.obj
\\mac\home\desktop\cppcoursework2020-v101_cw4\debug\movingcontroller.obj
\\mac\home\desktop\cppcoursework2020-v101_cw4\debug\imagemappingdemo.obj
\\mac\home\desktop\cppcoursework2020-v101_cw4\debug\fontmanager.obj
\\mac\home\desktop\cppcoursework2020-v101_cw4\debug\displayableobject.obj
\\mac\home\desktop\cppcoursework2020-v101_cw4\debug\baseengine.obj
\\mac\home\desktop\cppcoursework2020-v101_cw4\debug\mainfunction.obj
\\mac\home\desktop\cppcoursework2020-v101_cw4\debug\levelonestate.obj
\\mac\home\desktop\cppcoursework2020-v101_cw4\debug\levelcontroller.obj
\\mac\home\desktop\cppcoursework2020-v101_cw4\debug\key.obj
\\mac\home\desktop\cppcoursework2020-v101_cw4\debug\jigsawdemo.obj
\\mac\home\desktop\cppcoursework2020-v101_cw4\debug\introstate.obj
\\mac\home\desktop\cppcoursework2020-v101_cw4\debug\initialstate.obj
\\mac\home\desktop\cppcoursework2020-v101_cw4\debug\imageobjectdemo.obj
\\mac\home\desktop\cppcoursework2020-v101_cw4\debug\gametilemanager.obj
\\mac\home\desktop\cppcoursework2020-v101_cw4\debug\gamestate.obj
\\mac\home\desktop\cppcoursework2020-v101_cw4\debug\gameobject.obj
\\mac\home\desktop\cppcoursework2020-v101_cw4\debug\gameengine.obj
\\mac\home\desktop\cppcoursework2020-v101_cw4\debug\playerobject.sbr
\\mac\home\desktop\cppcoursework2020-v101_cw4\debug\propsobject.sbr
\\mac\home\desktop\cppcoursework2020-v101_cw4\debug\runlevelonestate.sbr
\\mac\home\desktop\cppcoursework2020-v101_cw4\debug\runleveltwostate.sbr
\\mac\home\desktop\cppcoursework2020-v101_cw4\debug\runstate.sbr
\\mac\home\desktop\cppcoursework2020-v101_cw4\debug\simpleimage.sbr
\\mac\home\desktop\cppcoursework2020-v101_cw4\debug\jasonsdemoa.sbr
\\mac\home\desktop\cppcoursework2020-v101_cw4\debug\jasonsobjecta.sbr
\\mac\home\desktop\cppcoursework2020-v101_cw4\debug\jasonstilemanager.sbr
\\mac\home\desktop\cppcoursework2020-v101_cw4\debug\playingcardsdemo.sbr
\\mac\home\desktop\cppcoursework2020-v101_cw4\debug\rawimage.sbr
\\mac\home\desktop\cppcoursework2020-v101_cw4\debug\simpledemo.sbr
\\mac\home\desktop\cppcoursework2020-v101_cw4\debug\soundbank.sbr
\\mac\home\desktop\cppcoursework2020-v101_cw4\debug\soundchunk.sbr
\\mac\home\desktop\cppcoursework2020-v101_cw4\debug\starfielddemo.sbr
\\mac\home\desktop\cppcoursework2020-v101_cw4\debug\state_smartpointer.sbr
\\mac\home\desktop\cppcoursework2020-v101_cw4\debug\tilemanager.sbr
\\mac\home\desktop\cppcoursework2020-v101_cw4\debug\bouncingball.sbr
\\mac\home\desktop\cppcoursework2020-v101_cw4\debug\bouncingballmain.sbr
\\mac\home\desktop\cppcoursework2020-v101_cw4\debug\zoomingdemo.sbr
\\mac\home\desktop\cppcoursework2020-v101_cw4\debug\zoomingdemo.obj
\\mac\home\desktop\cppcoursework2020-v101_cw4\debug\bouncingballmain.obj
\\mac\home\desktop\cppcoursework2020-v101_cw4\debug\bouncingball.obj
\\mac\home\desktop\cppcoursework2020-v101_cw4\debug\tilemanager.obj
\\mac\home\desktop\cppcoursework2020-v101_cw4\debug\state_smartpointer.obj
\\mac\home\desktop\cppcoursework2020-v101_cw4\debug\starfielddemo.obj
\\mac\home\desktop\cppcoursework2020-v101_cw4\debug\soundchunk.obj
\\mac\home\desktop\cppcoursework2020-v101_cw4\debug\soundbank.obj
\\mac\home\desktop\cppcoursework2020-v101_cw4\debug\simpledemo.obj
\\mac\home\desktop\cppcoursework2020-v101_cw4\debug\rawimage.obj
\\mac\home\desktop\cppcoursework2020-v101_cw4\debug\playingcardsdemo.obj
\\mac\home\desktop\cppcoursework2020-v101_cw4\debug\jasonstilemanager.obj
\\mac\home\desktop\cppcoursework2020-v101_cw4\debug\jasonsobjecta.obj
\\mac\home\desktop\cppcoursework2020-v101_cw4\debug\jasonsdemoa.obj
\\mac\home\desktop\cppcoursework2020-v101_cw4\debug\simpleimage.obj
\\mac\home\desktop\cppcoursework2020-v101_cw4\debug\runstate.obj
\\mac\home\desktop\cppcoursework2020-v101_cw4\debug\runleveltwostate.obj
\\mac\home\desktop\cppcoursework2020-v101_cw4\debug\runlevelonestate.obj
\\mac\home\desktop\cppcoursework2020-v101_cw4\debug\propsobject.obj
\\mac\home\desktop\cppcoursework2020-v101_cw4\debug\playerobject.obj
\\mac\home\desktop\cppcoursework2020-v101_cw4\debug\mazedemomain.sbr
\\mac\home\desktop\cppcoursework2020-v101_cw4\debug\mazedemoobject.sbr
\\mac\home\desktop\cppcoursework2020-v101_cw4\debug\mazedemotilemanager.sbr
\\mac\home\desktop\cppcoursework2020-v101_cw4\debug\mazedemotilemanager.obj
\\mac\home\desktop\cppcoursework2020-v101_cw4\debug\mazedemoobject.obj
\\mac\home\desktop\cppcoursework2020-v101_cw4\debug\mazedemomain.obj
\\mac\home\desktop\cppcoursework2020-v101_cw4\debug\enemytypetwomovingcontroller.sbr
\\mac\home\desktop\cppcoursework2020-v101_cw4\debug\enemytypetwomovingcontroller.obj
\\mac\home\desktop\cppcoursework2020-v101_cw4\debug\enemytypeone 2.obj
\\mac\home\desktop\cppcoursework2020-v101_cw4\debug\enemytypefour 2.obj
\\mac\home\desktop\cppcoursework2020-v101_cw4\debug\bagtilemanager 2.obj
\\mac\home\desktop\cppcoursework2020-v101_cw4\debug\archivestate 2.obj
\\mac\home\desktop\cppcoursework2020-v101_cw4\debug\playerobject 2.obj
\\mac\home\desktop\cppcoursework2020-v101_cw4\debug\fire 2.obj
\\mac\home\desktop\cppcoursework2020-v101_cw4\debug\gamestate 2.obj
\\mac\home\desktop\cppcoursework2020-v101_cw4\debug\movingcontroller 2.obj
\\mac\home\desktop\cppcoursework2020-v101_cw4\debug\enemymovingcontroller 2.obj
\\mac\home\desktop\cppcoursework2020-v101_cw4\debug\levelonestate 2.obj
\\mac\home\desktop\cppcoursework2020-v101_cw4\debug\enternamestate 2.obj
\\mac\home\desktop\cppcoursework2020-v101_cw4\debug\introstate 2.obj
\\mac\home\desktop\cppcoursework2020-v101_cw4\debug\gameobject 2.obj
\\mac\home\desktop\cppcoursework2020-v101_cw4\debug\runleveltwostate 2.obj
\\mac\home\desktop\cppcoursework2020-v101_cw4\debug\movingobject 2.obj
\\mac\home\desktop\cppcoursework2020-v101_cw4\debug\runlevelonestate 2.obj
\\mac\home\desktop\cppcoursework2020-v101_cw4\debug\gameengine 2.obj
\\mac\home\desktop\cppcoursework2020-v101_cw4\debug\runstate 2.obj
\\mac\home\desktop\cppcoursework2020-v101_cw4\debug\enemytypeonemovingcontroller 2.obj
\\mac\home\desktop\cppcoursework2020-v101_cw4\debug\firemovingcontroller 2.obj
\\mac\home\desktop\cppcoursework2020-v101_cw4\debug\pausestate 2.obj
\\mac\home\desktop\cppcoursework2020-v101_cw4\debug\enemytypethree 2.obj
\\mac\home\desktop\cppcoursework2020-v101_cw4\debug\propsobject 2.obj
\\mac\home\desktop\cppcoursework2020-v101_cw4\debug\initialstate 2.obj
\\mac\home\desktop\cppcoursework2020-v101_cw4\debug\enemyobject 2.obj
\\mac\home\desktop\cppcoursework2020-v101_cw4\debug\state_smartpointer 2.obj
\\mac\home\desktop\cppcoursework2020-v101_cw4\debug\enemytypefive 2.obj
\\mac\home\desktop\cppcoursework2020-v101_cw4\debug\enemytypetwo 2.obj
\\mac\home\desktop\cppcoursework2020-v101_cw4\debug\mainfunction 2.obj
\\mac\home\desktop\cppcoursework2020-v101_cw4\debug\playermovingcontroller 2.obj
\\mac\home\desktop\cppcoursework2020-v101_cw4\debug\enemytypesix 2.obj
\\mac\home\desktop\cppcoursework2020-v101_cw4\debug\vc141.pdb
\\mac\home\desktop\cppcoursework2020-v101_cw4\debug\state_smartpointer 2.sbr
\\mac\home\desktop\cppcoursework2020-v101_cw4\debug\initialstate 2.sbr
\\mac\home\desktop\cppcoursework2020-v101_cw4\debug\propsobject 2.sbr
\\mac\home\desktop\cppcoursework2020-v101_cw4\debug\pausestate 2.sbr
\\mac\home\desktop\cppcoursework2020-v101_cw4\debug\runlevelonestate 2.sbr
\\mac\home\desktop\cppcoursework2020-v101_cw4\debug\gameengine 2.sbr
\\mac\home\desktop\cppcoursework2020-v101_cw4\debug\runstate 2.sbr
\\mac\home\desktop\cppcoursework2020-v101_cw4\debug\mainfunction 2.sbr
\\mac\home\desktop\cppcoursework2020-v101_cw4\debug\playermovingcontroller 2.sbr
\\mac\home\desktop\cppcoursework2020-v101_cw4\debug\playerobject 2.sbr
\\mac\home\desktop\cppcoursework2020-v101_cw4\debug\runleveltwostate 2.sbr
\\mac\home\desktop\cppcoursework2020-v101_cw4\debug\movingobject 2.sbr
\\mac\home\desktop\cppcoursework2020-v101_cw4\debug\gameobject 2.sbr
\\mac\home\desktop\cppcoursework2020-v101_cw4\debug\introstate 2.sbr
\\mac\home\desktop\cppcoursework2020-v101_cw4\debug\movingcontroller 2.sbr
\\mac\home\desktop\cppcoursework2020-v101_cw4\debug\levelonestate 2.sbr
\\mac\home\desktop\cppcoursework2020-v101_cw4\debug\gamestate 2.sbr
\\mac\home\desktop\cppcoursework2020-v101_cw4\/debug\courseworkbase2020.bsc
\\mac\home\desktop\cppcoursework2020-v101_cw4\/debug\courseworkbase2020.ilk
\\mac\home\desktop\cppcoursework2020-v101_cw4\debug\coursewo.63f64093.tlog\link.read.1.tlog
\\mac\home\desktop\cppcoursework2020-v101_cw4\debug\coursewo.63f64093.tlog\link.command.1.tlog
\\mac\home\desktop\cppcoursework2020-v101_cw4\debug\coursewo.63f64093.tlog\rc.command.1.tlog
\\mac\home\desktop\cppcoursework2020-v101_cw4\debug\coursewo.63f64093.tlog\link.write.1.tlog
\\mac\home\desktop\cppcoursework2020-v101_cw4\debug\coursewo.63f64093.tlog\cl.read.1.tlog
\\mac\home\desktop\cppcoursework2020-v101_cw4\debug\coursewo.63f64093.tlog\rc.write.1.tlog
\\mac\home\desktop\cppcoursework2020-v101_cw4\debug\coursewo.63f64093.tlog\bscmake.write.1.tlog
\\mac\home\desktop\cppcoursework2020-v101_cw4\debug\coursewo.63f64093.tlog\bscmake.command.1.tlog
\\mac\home\desktop\cppcoursework2020-v101_cw4\debug\coursewo.63f64093.tlog\cl.command.1.tlog
\\mac\home\desktop\cppcoursework2020-v101_cw4\debug\coursewo.63f64093.tlog\rc.read.1.tlog
\\mac\home\desktop\cppcoursework2020-v101_cw4\debug\coursewo.63f64093.tlog\bscmake.read.1.tlog
\\mac\home\desktop\cppcoursework2020-v101_cw4\debug\coursewo.63f64093.tlog\cl.write.1.tlog
