\\mac\home\desktop\cppcoursework2020-v101_cw4\release\courseworkbase2020.ilk
\\mac\home\desktop\cppcoursework2020-v101_cw4\release\courseworkbase2020.exe
\\mac\home\desktop\cppcoursework2020-v101_cw4\release\courseworkbase2020.pdb
\\mac\home\desktop\cppcoursework2020-v101_cw4\release\vc142.pdb
\\mac\home\desktop\cppcoursework2020-v101_cw4\release\flashingdemo.obj
\\mac\home\desktop\cppcoursework2020-v101_cw4\release\firemovingcontroller.obj
\\mac\home\desktop\cppcoursework2020-v101_cw4\release\fire.obj
\\mac\home\desktop\cppcoursework2020-v101_cw4\release\enternamestate.obj
\\mac\home\desktop\cppcoursework2020-v101_cw4\release\enemymovingcontroller.obj
\\mac\home\desktop\cppcoursework2020-v101_cw4\release\enemytypetwo.obj
\\mac\home\desktop\cppcoursework2020-v101_cw4\release\enemytypethree.obj
\\mac\home\desktop\cppcoursework2020-v101_cw4\release\enemytypesix.obj
\\mac\home\desktop\cppcoursework2020-v101_cw4\release\enemytypeonemovingcontroller.obj
\\mac\home\desktop\cppcoursework2020-v101_cw4\release\enemytypeone.obj
\\mac\home\desktop\cppcoursework2020-v101_cw4\release\enemytypefour.obj
\\mac\home\desktop\cppcoursework2020-v101_cw4\release\enemytypefive.obj
\\mac\home\desktop\cppcoursework2020-v101_cw4\release\enemyobject.obj
\\mac\home\desktop\cppcoursework2020-v101_cw4\release\drawingsurface.obj
\\mac\home\desktop\cppcoursework2020-v101_cw4\release\draggingdemo.obj
\\mac\home\desktop\cppcoursework2020-v101_cw4\release\bagtilemanager.obj
\\mac\home\desktop\cppcoursework2020-v101_cw4\release\bagcontroller.obj
\\mac\home\desktop\cppcoursework2020-v101_cw4\release\audiomanager.obj
\\mac\home\desktop\cppcoursework2020-v101_cw4\release\assetmanager.obj
\\mac\home\desktop\cppcoursework2020-v101_cw4\release\archivestate.obj
\\mac\home\desktop\cppcoursework2020-v101_cw4\release\playermovingcontroller.obj
\\mac\home\desktop\cppcoursework2020-v101_cw4\release\pausestate.obj
\\mac\home\desktop\cppcoursework2020-v101_cw4\release\movingobject.obj
\\mac\home\desktop\cppcoursework2020-v101_cw4\release\movingcontroller.obj
\\mac\home\desktop\cppcoursework2020-v101_cw4\release\imagemappingdemo.obj
\\mac\home\desktop\cppcoursework2020-v101_cw4\release\fontmanager.obj
\\mac\home\desktop\cppcoursework2020-v101_cw4\release\displayableobject.obj
\\mac\home\desktop\cppcoursework2020-v101_cw4\release\baseengine.obj
\\mac\home\desktop\cppcoursework2020-v101_cw4\release\mainfunction.obj
\\mac\home\desktop\cppcoursework2020-v101_cw4\release\levelonestate.obj
\\mac\home\desktop\cppcoursework2020-v101_cw4\release\levelcontroller.obj
\\mac\home\desktop\cppcoursework2020-v101_cw4\release\key.obj
\\mac\home\desktop\cppcoursework2020-v101_cw4\release\jigsawdemo.obj
\\mac\home\desktop\cppcoursework2020-v101_cw4\release\introstate.obj
\\mac\home\desktop\cppcoursework2020-v101_cw4\release\initialstate.obj
\\mac\home\desktop\cppcoursework2020-v101_cw4\release\imageobjectdemo.obj
\\mac\home\desktop\cppcoursework2020-v101_cw4\release\gametilemanager.obj
\\mac\home\desktop\cppcoursework2020-v101_cw4\release\gamestate.obj
\\mac\home\desktop\cppcoursework2020-v101_cw4\release\gameobject.obj
\\mac\home\desktop\cppcoursework2020-v101_cw4\release\gameengine.obj
\\mac\home\desktop\cppcoursework2020-v101_cw4\release\mazedemotilemanager.obj
\\mac\home\desktop\cppcoursework2020-v101_cw4\release\mazedemoobject.obj
\\mac\home\desktop\cppcoursework2020-v101_cw4\release\mazedemomain.obj
\\mac\home\desktop\cppcoursework2020-v101_cw4\release\bouncingballmain.obj
\\mac\home\desktop\cppcoursework2020-v101_cw4\release\bouncingball.obj
\\mac\home\desktop\cppcoursework2020-v101_cw4\release\tilemanager.obj
\\mac\home\desktop\cppcoursework2020-v101_cw4\release\state_smartpointer.obj
\\mac\home\desktop\cppcoursework2020-v101_cw4\release\starfielddemo.obj
\\mac\home\desktop\cppcoursework2020-v101_cw4\release\simpledemo.obj
\\mac\home\desktop\cppcoursework2020-v101_cw4\release\rawimage.obj
\\mac\home\desktop\cppcoursework2020-v101_cw4\release\playingcardsdemo.obj
\\mac\home\desktop\cppcoursework2020-v101_cw4\release\jasonstilemanager.obj
\\mac\home\desktop\cppcoursework2020-v101_cw4\release\jasonsobjecta.obj
\\mac\home\desktop\cppcoursework2020-v101_cw4\release\jasonsdemoa.obj
\\mac\home\desktop\cppcoursework2020-v101_cw4\release\simpleimage.obj
\\mac\home\desktop\cppcoursework2020-v101_cw4\release\runstate.obj
\\mac\home\desktop\cppcoursework2020-v101_cw4\release\runleveltwostate.obj
\\mac\home\desktop\cppcoursework2020-v101_cw4\release\runlevelonestate.obj
\\mac\home\desktop\cppcoursework2020-v101_cw4\release\propsobject.obj
\\mac\home\desktop\cppcoursework2020-v101_cw4\release\playerobject.obj
\\mac\home\desktop\cppcoursework2020-v101_cw4\release\zoomingdemo.obj
\\mac\home\desktop\cppcoursework2020-v101_cw4\release\courseworkbase2020.res
\\mac\home\desktop\cppcoursework2020-v101_cw4\/release\courseworkbase2020.pdb
\\mac\home\desktop\cppcoursework2020-v101_cw4\/release\courseworkbase2020.ilk
\\mac\home\desktop\cppcoursework2020-v101_cw4\release\coursewo.63f64093.tlog\link.read.1.tlog
\\mac\home\desktop\cppcoursework2020-v101_cw4\release\coursewo.63f64093.tlog\link.command.1.tlog
\\mac\home\desktop\cppcoursework2020-v101_cw4\release\coursewo.63f64093.tlog\rc.command.1.tlog
\\mac\home\desktop\cppcoursework2020-v101_cw4\release\coursewo.63f64093.tlog\link.write.1.tlog
\\mac\home\desktop\cppcoursework2020-v101_cw4\release\coursewo.63f64093.tlog\cl.read.1.tlog
\\mac\home\desktop\cppcoursework2020-v101_cw4\release\coursewo.63f64093.tlog\rc.write.1.tlog
\\mac\home\desktop\cppcoursework2020-v101_cw4\release\coursewo.63f64093.tlog\cl.command.1.tlog
\\mac\home\desktop\cppcoursework2020-v101_cw4\release\coursewo.63f64093.tlog\rc.read.1.tlog
\\mac\home\desktop\cppcoursework2020-v101_cw4\release\coursewo.63f64093.tlog\cl.write.1.tlog
