  ArchiveState.cpp
  BagController.cpp
  BagTileManager.cpp
  EnemyObject.cpp
  EnemyTypeFive.cpp
  EnemyTypeFour.cpp
  EnemyTypeOne.cpp
  EnemyTypeOneMovingController.cpp
  EnemyTypeSix.cpp
  EnemyTypeThree.cpp
  EnemyTypeTwo.cpp
  EnemyMovingController.cpp
  EnemyTypeTwoMovingController.cpp
  EnterNameState.cpp
  Fire.cpp
  FireMovingController.cpp
  GameEngine.cpp
  GameObject.cpp
  GameState.cpp
  GameTileManager.cpp
  Generating Code...
  Compiling...
  InitialState.cpp
  IntroState.cpp
  LevelOneState.cpp
  mainfunction.cpp
  MovingController.cpp
  MovingObject.cpp
  PauseState.cpp
  PlayerMovingController.cpp
  PlayerObject.cpp
  PropsObject.cpp
  RunLevelOneState.cpp
  RunLevelTwoState.cpp
  RunState.cpp
  State_SmartPointer.cpp
  Generating Code...
  CourseworkBase.vcxproj -> \\Mac\Home\Desktop\CPPCoursework2020-v101_CW4\/Release\CourseworkBase2020.exe
